[36m@mcafee[0m [36m@Account[0m
Feature: 
  In order to validate account section
  As a tester
  I should validate the functionalities as per test case

  [36m@US-004277[0m [36m@US-004337[0m [36m@US-004338[0m [36m@US-004362[0m [36m@admin-acc[0m [36m@om-acc[0m [36m@or-acc[0m [36m@sm-acc[0m [36m@sr-acc[0m [36m@so-acc[0m
  Scenario: US-004277 US-004337 US-004338 US-004362 Add Shipping Address[90m                                              # features/Accounts.feature:8[0m
    [36mGiven I should navigate to Accounts tab in saleforce application[90m                                                  # features/step_definitions/Account.rb:1[0m[0m
    [36mThen I should see accounts page successfully[90m                                                                      # features/step_definitions/Account.rb:54[0m[0m
    [33mWhen I follow on "New" button[90m                                                                                     # features/Accounts.feature:11[0m[0m
    [36mThen I should see "[36m[1mShipping Address[0m[0m[36m" field with read and write permission for all except salesops user[90m            # features/step_definitions/Account.rb:20[0m[0m
    [36mAnd I should see "[36m[1mImplementation Status[0m[0m[36m" field with read and write permission for all except salesops user[90m        # features/step_definitions/Account.rb:20[0m[0m
    [36mAnd I should see "[36m[1mImplementation Status Reason[0m[0m[36m" field with read and write permission for all except salesops user[90m # features/step_definitions/Account.rb:20[0m[0m
    [36mAnd I should see "[36m[1mHealth Status[0m[0m[36m" field with read and write permission for all except salesops user[90m                # features/step_definitions/Account.rb:20[0m[0m
    [36mAnd I should see "[36m[1mHealth Status Reason[0m[0m[36m" field with read and write permission for all except salesops user[90m         # features/step_definitions/Account.rb:20[0m[0m
    [36mAnd I should see "[36m[1mCompetitor[0m[0m[36m" field with read and write permission for all except salesops user[90m                   # features/step_definitions/Account.rb:20[0m[0m
    [36mAnd I should see "[36m[1mUpsell/Cross-sell Potential[0m[0m[36m" field with read and write permission for all except salesops user[90m  # features/step_definitions/Account.rb:20[0m[0m
    [36mAnd I should see "[36m[1mUpsell/Cross-sell Product[0m[0m[36m" field with read and write permission for all except salesops user[90m    # features/step_definitions/Account.rb:20[0m[0m
    [33mAnd I should see "RLM Tier" field with read and write permission for Ops Manager and Ops Rep[90m                      # features/Accounts.feature:20[0m[0m
    [36mAnd I should see "[36m[1mBusiness Value[0m[0m[36m" field with read and write permission for all except salesops user[90m               # features/step_definitions/Account.rb:20[0m[0m
    [36mAnd I should see Implementation Status field picklist values in new account page[90m                                  # features/step_definitions/Account.rb:65[0m[0m
    [36mAnd I should see Implementation Status Reason field picklist values in new account page[90m                           # features/step_definitions/Account.rb:106[0m[0m
    [36mAnd I should see Health Status field picklist values in new account page[90m                                          # features/step_definitions/Account.rb:126[0m[0m
    [36mAnd I should see Health Status Reason field picklist values in new account page[90m                                   # features/step_definitions/Account.rb:146[0m[0m
    [36mAnd I should see RLM Tier field picklist values in new account page[90m                                               # features/step_definitions/Account.rb:86[0m[0m
    [36mAnd I should see Competitor field picklist values in new account page[90m                                             # features/step_definitions/Account.rb:166[0m[0m
    [36mAnd I should see Upsell/Cross-sell Potential field picklist values in new account page[90m                            # features/step_definitions/Account.rb:186[0m[0m
    [36mAnd I should see Upsell/Cross-sell Product field picklist values in new account page[90m                              # features/step_definitions/Account.rb:206[0m[0m
    [36mAnd I should see Business Value field picklist values in new account page[90m                                         # features/step_definitions/Account.rb:226[0m[0m
    [36mWhen I enter all mandantory fields to create a random new account[90m                                                 # features/step_definitions/Account.rb:40[0m[0m
    [33mAnd I click on "Save" button on top button row[90m                                                                    # features/Accounts.feature:32[0m[0m

1 scenario ([36m1 skipped[0m)
24 steps ([36m21 skipped[0m, [33m3 undefined[0m)
[33m[0m
[33mYou can implement step definitions for undefined steps with these snippets:[0m
[33m[0m
[33mWhen(/^I follow on "([^"]*)" button$/) do |arg1|[0m
[33m  pending # Write code here that turns the phrase above into concrete actions[0m
[33mend[0m
[33m[0m
[33mThen(/^I should see "([^"]*)" field with read and write permission for Ops Manager and Ops Rep$/) do |arg1|[0m
[33m  pending # Write code here that turns the phrase above into concrete actions[0m
[33mend[0m
[33m[0m
[33mWhen(/^I click on "([^"]*)" button on top button row$/) do |arg1|[0m
[33m  pending # Write code here that turns the phrase above into concrete actions[0m
[33mend[0m

